{
  "stats": {
    "suites": 1,
    "tests": 1,
    "passes": 0,
    "pending": 0,
    "failures": 1,
    "start": "2025-02-06T05:18:58.248Z",
    "end": "2025-02-06T05:20:08.748Z",
    "duration": 70500,
    "testsRegistered": 1,
    "passPercent": 0,
    "pendingPercent": 0,
    "other": 0,
    "hasOther": false,
    "skipped": 0,
    "hasSkipped": false
  },
  "results": [
    {
      "uuid": "a8b10f0c-4c8b-4964-b37e-fa697f677bcc",
      "title": "",
      "fullFile": "cypress\\e2e\\tests\\addToCartTest.cy.js",
      "file": "cypress\\e2e\\tests\\addToCartTest.cy.js",
      "beforeHooks": [],
      "afterHooks": [],
      "tests": [],
      "suites": [
        {
          "uuid": "4dd1b550-c92c-4c10-a2e5-5f1dddd095c5",
          "title": "Add to cart test suite",
          "fullFile": "",
          "file": "",
          "beforeHooks": [],
          "afterHooks": [],
          "tests": [
            {
              "title": "User adds a bag to the cart",
              "fullTitle": "Add to cart test suite User adds a bag to the cart",
              "timedOut": null,
              "duration": 66763,
              "state": "failed",
              "speed": null,
              "pass": false,
              "fail": true,
              "pending": false,
              "context": null,
              "code": "const addToCartPageLoc = new _addToCartActionPage.AddToCartActionPage();\ncy.get('@credentials').then(credentials => {\n  cy.visit(credentials.baseUrl);\n  cy.title().should('include', '8888');\n});\naddToCartPageLoc.selectBag();\nconst bagText = this.testData.bagText;\nconst amount = this.testData.bagAmount;\naddToCartPageLoc.clickOnBagByTextEle(bagText);\naddToCartPageLoc.verifyTheBagPrice(amount);\naddToCartPageLoc.verifyAddToCartItem();\naddToCartPageLoc.verifyOrderSummary();",
              "err": {
                "message": "AssertionError: Timed out retrying after 60000ms: expected 'Home Page' to include '8888'",
                "estack": "AssertionError: Timed out retrying after 60000ms: expected 'Home Page' to include '8888'\n    at Context.eval (webpack://ecom_aut/./cypress/e2e/tests/addToCartTest.cy.js:23:17)",
                "diff": null
              },
              "uuid": "b298eb56-6eff-4288-aff5-9dac04ab2f81",
              "parentUUID": "4dd1b550-c92c-4c10-a2e5-5f1dddd095c5",
              "isHook": false,
              "skipped": false
            }
          ],
          "suites": [],
          "passes": [],
          "failures": [
            "b298eb56-6eff-4288-aff5-9dac04ab2f81"
          ],
          "pending": [],
          "skipped": [],
          "duration": 66763,
          "root": false,
          "rootEmpty": false,
          "_timeout": 2000
        }
      ],
      "passes": [],
      "failures": [],
      "pending": [],
      "skipped": [],
      "duration": 0,
      "root": true,
      "rootEmpty": true,
      "_timeout": 2000
    }
  ],
  "meta": {
    "mocha": {
      "version": "7.0.1"
    },
    "mochawesome": {
      "options": {
        "quiet": false,
        "reportFilename": "mochawesome",
        "saveHtml": true,
        "saveJson": true,
        "consoleReporter": "spec",
        "useInlineDiffs": false,
        "code": true
      },
      "version": "7.1.3"
    },
    "marge": {
      "options": {
        "reportDir": "cypress/reports",
        "overwrite": false,
        "html": true,
        "json": true
      },
      "version": "6.2.0"
    }
  }
}